<?xml version="1.0" encoding="UTF-8"?>
<!-- Generated by org.testng.reporters.JUnitReportReporter -->
<testsuite hostname="DESKTOP-FSPHPC9" failures="0" tests="1" name="Java.Polymorphism" time="0.020" errors="0" timestamp="2021-04-01T16:01:34 SAST" skipped="0">
  <testcase classname="Java.Polymorphism" name="mainMethod" time="0.020"/>
  <system-out/>
</testsuite> <!-- Java.Polymorphism -->
