<?xml version="1.0" encoding="UTF-8"?>
<!-- Generated by org.testng.reporters.JUnitReportReporter -->
<testsuite hostname="DESKTOP-FSPHPC9" failures="0" tests="1" name="Java.mian" time="0.019" errors="0" timestamp="2021-04-01T15:26:53 SAST" skipped="0">
  <testcase classname="Java.mian" name="pigSound" time="0.019"/>
  <system-out/>
</testsuite> <!-- Java.mian -->
